<?xml version="1.0" encoding="UTF-8"?>
<testng-results ignored="0" total="0" passed="0" failed="0" skipped="0">
  <reporter-output>
  </reporter-output>
  <suite started-at="2024-06-18T18:26:33 IST" name="Test Suite for Buildout" finished-at="2024-06-18T18:26:45 IST" duration-ms="11569">
    <groups>
    </groups>
    <test started-at="2024-06-18T18:26:33 IST" name="Test Cases for Buildout" finished-at="2024-06-18T18:26:45 IST" duration-ms="11569">
      <class name="demo.TestCases">
        <test-method is-config="true" signature="startBrowser()[pri:0, instance:demo.TestCases@4ed5eb72]" started-at="2024-06-18T18:26:33 IST" name="startBrowser" finished-at="2024-06-18T18:26:44 IST" duration-ms="10339" status="PASS">
          <reporter-output>
          </reporter-output>
        </test-method> <!-- startBrowser -->
        <test-method is-config="true" signature="endTest()[pri:0, instance:demo.TestCases@4ed5eb72]" started-at="2024-06-18T18:26:44 IST" name="endTest" finished-at="2024-06-18T18:26:45 IST" duration-ms="1107" status="PASS">
          <reporter-output>
          </reporter-output>
        </test-method> <!-- endTest -->
      </class> <!-- demo.TestCases -->
    </test> <!-- Test Cases for Buildout -->
  </suite> <!-- Test Suite for Buildout -->
</testng-results>
